{
"contracts/NFT_Disign.sol":{"l":{"26":27,"27":27,"33":0,"37":27,"38":27,"39":27,"41":27,"42":135,"49":0,"50":0,"51":0,"52":0,"54":0,"58":0,"60":0,"61":0,"70":0,"75":27,"79":0},"path":"/home/somos/Design_NFT/contracts/NFT_Disign.sol","s":{"1":27,"2":27,"3":0,"4":27,"5":27,"6":27,"7":27,"8":135,"9":0,"10":0,"11":0,"12":0,"13":0,"14":0,"15":0},"b":{"1":[27,0],"2":[27,0],"3":[0,0],"4":[0,0],"5":[0,0],"6":[27,0],"7":[0,0]},"f":{"1":27,"2":0,"3":27,"4":0,"5":0,"6":0,"7":27,"8":0},"fnMap":{"1":{"name":"constructor","line":25,"loc":{"start":{"line":20,"column":3},"end":{"line":28,"column":3}}},"2":{"name":"_baseURI","line":32,"loc":{"start":{"line":32,"column":3},"end":{"line":34,"column":3}}},"3":{"name":"mint","line":36,"loc":{"start":{"line":36,"column":3},"end":{"line":44,"column":3}}},"4":{"name":"walletOfOwner","line":47,"loc":{"start":{"line":47,"column":0},"end":{"line":55,"column":4}}},"5":{"name":"tokenURI","line":56,"loc":{"start":{"line":56,"column":0},"end":{"line":64,"column":4}}},"6":{"name":"setCost","line":69,"loc":{"start":{"line":69,"column":0},"end":{"line":71,"column":2}}},"7":{"name":"setBaseURI","line":74,"loc":{"start":{"line":74,"column":0},"end":{"line":76,"column":3}}},"8":{"name":"setBaseExtension","line":78,"loc":{"start":{"line":78,"column":0},"end":{"line":80,"column":3}}}},"statementMap":{"1":{"start":{"line":26,"column":7},"end":{"line":26,"column":30}},"2":{"start":{"line":27,"column":7},"end":{"line":27,"column":25}},"3":{"start":{"line":33,"column":7},"end":{"line":33,"column":21}},"4":{"start":{"line":37,"column":7},"end":{"line":37,"column":37}},"5":{"start":{"line":38,"column":7},"end":{"line":38,"column":30}},"6":{"start":{"line":39,"column":7},"end":{"line":39,"column":48}},"7":{"start":{"line":41,"column":7},"end":{"line":41,"column":1320}},"8":{"start":{"line":42,"column":11},"end":{"line":42,"column":36}},"9":{"start":{"line":49,"column":8},"end":{"line":49,"column":51}},"10":{"start":{"line":50,"column":8},"end":{"line":50,"column":66}},"11":{"start":{"line":51,"column":8},"end":{"line":51,"column":1639}},"12":{"start":{"line":54,"column":8},"end":{"line":54,"column":23}},"13":{"start":{"line":58,"column":8},"end":{"line":58,"column":83}},"14":{"start":{"line":60,"column":8},"end":{"line":60,"column":49}},"15":{"start":{"line":61,"column":8},"end":{"line":61,"column":2034}}},"branchMap":{"1":{"line":38,"type":"if","locations":[{"start":{"line":38,"column":7},"end":{"line":38,"column":7}},{"start":{"line":38,"column":7},"end":{"line":38,"column":7}}]},"2":{"line":39,"type":"if","locations":[{"start":{"line":39,"column":7},"end":{"line":39,"column":7}},{"start":{"line":39,"column":7},"end":{"line":39,"column":7}}]},"3":{"line":58,"type":"if","locations":[{"start":{"line":58,"column":8},"end":{"line":58,"column":8}},{"start":{"line":58,"column":8},"end":{"line":58,"column":8}}]},"4":{"line":62,"type":"if","locations":[{"start":{"line":62,"column":18},"end":{"line":62,"column":90}},{"start":{"line":63,"column":18},"end":{"line":63,"column":19}}]},"5":{"line":69,"type":"if","locations":[{"start":{"line":69,"column":42},"end":{"line":69,"column":42}},{"start":{"line":69,"column":42},"end":{"line":69,"column":42}}]},"6":{"line":74,"type":"if","locations":[{"start":{"line":74,"column":54},"end":{"line":74,"column":54}},{"start":{"line":74,"column":54},"end":{"line":74,"column":54}}]},"7":{"line":78,"type":"if","locations":[{"start":{"line":78,"column":66},"end":{"line":78,"column":66}},{"start":{"line":78,"column":66},"end":{"line":78,"column":66}}]}}}}
