TN:
SF:/home/somos/Design_NFT/contracts/NFT_Disign.sol
FN:25,constructor
FN:32,_baseURI
FN:36,mint
FN:47,walletOfOwner
FN:56,tokenURI
FN:69,setCost
FN:74,setBaseURI
FN:78,setBaseExtension
FNF:8
FNH:3
FNDA:27,constructor
FNDA:0,_baseURI
FNDA:27,mint
FNDA:0,walletOfOwner
FNDA:0,tokenURI
FNDA:0,setCost
FNDA:27,setBaseURI
FNDA:0,setBaseExtension
DA:26,27
DA:27,27
DA:33,0
DA:37,27
DA:38,27
DA:39,27
DA:41,27
DA:42,135
DA:49,0
DA:50,0
DA:51,0
DA:52,0
DA:54,0
DA:58,0
DA:60,0
DA:61,0
DA:70,0
DA:75,27
DA:79,0
LF:19
LH:8
BRDA:38,1,0,27
BRDA:38,1,1,0
BRDA:39,2,0,27
BRDA:39,2,1,0
BRDA:58,3,0,0
BRDA:58,3,1,0
BRDA:62,4,0,0
BRDA:62,4,1,0
BRDA:69,5,0,0
BRDA:69,5,1,0
BRDA:74,6,0,27
BRDA:74,6,1,0
BRDA:78,7,0,0
BRDA:78,7,1,0
BRF:14
BRH:3
end_of_record
